This file contains any messages produced by compilers while
running configure, to aid debugging if configure makes a mistake.

It was created by sqlite configure 3.48.0, which was
generated by GNU Autoconf 2.71.  Invocation command line was

  $ ./configure

## --------- ##
## Platform. ##
## --------- ##

hostname = student-laptop
uname -m = x86_64
uname -r = 5.15.0-130-generic
uname -s = Linux
uname -v = #140~20.04.1-Ubuntu SMP Wed Dec 18 21:35:34 UTC 2024

/usr/bin/uname -p = unknown
/bin/uname -X     = unknown

/bin/arch              = unknown
/usr/bin/arch -k       = unknown
/usr/convex/getsysinfo = unknown
/usr/bin/hostinfo      = unknown
/bin/machine           = unknown
/usr/bin/oslevel       = unknown
/bin/universe          = unknown

PATH: /home/cytech/.nvm/versions/node/v22.9.0/bin/
PATH: /home/cytech/.cargo/bin/
PATH: /home/cytech/.local/bin/
PATH: /usr/local/sbin/
PATH: /usr/local/bin/
PATH: /usr/sbin/
PATH: /usr/bin/
PATH: /sbin/
PATH: /bin/
PATH: /usr/games/
PATH: /usr/local/games/
PATH: /snap/bin/
PATH: /home/cytech/.local/share/coursier/bin/
PATH: /data/Downloads/idea-IU-232.9921.47/bin/idea.sh/
PATH: /data/Documents/mongo/mongodb-linux-x86_64-ubuntu2004-7.0.14/bin/


## ----------- ##
## Core tests. ##
## ----------- ##

configure:2435: looking for aux files: config.guess config.sub ltmain.sh compile missing install-sh
configure:2448:  trying ././
configure:2477:   ././config.guess found
configure:2477:   ././config.sub found
configure:2477:   ././ltmain.sh found
configure:2477:   ././compile found
configure:2477:   ././missing found
configure:2459:   ././install-sh found
configure:2610: checking for a BSD-compatible install
configure:2683: result: /usr/bin/install -c
configure:2694: checking whether build environment is sane
configure:2749: result: yes
configure:2906: checking for a race-free mkdir -p
configure:2950: result: /bin/mkdir -p
configure:2957: checking for gawk
configure:2978: found /usr/bin/gawk
configure:2989: result: gawk
configure:3000: checking whether make sets $(MAKE)
configure:3023: result: yes
configure:3053: checking whether make supports nested variables
configure:3071: result: yes
configure:3221: checking whether make supports the include directive
configure:3236: make -f confmf.GNU && cat confinc.out
this is the am__doit target
configure:3239: $? = 0
configure:3258: result: yes (GNU style)
configure:3334: checking for gcc
configure:3355: found /usr/bin/gcc
configure:3366: result: gcc
configure:3719: checking for C compiler version
configure:3728: gcc --version >&5
gcc (Ubuntu 9.4.0-1ubuntu1~20.04.2) 9.4.0
Copyright (C) 2019 Free Software Foundation, Inc.
This is free software; see the source for copying conditions.  There is NO
warranty; not even for MERCHANTABILITY or FITNESS FOR A PARTICULAR PURPOSE.

configure:3739: $? = 0
configure:3728: gcc -v >&5
Using built-in specs.
COLLECT_GCC=gcc
COLLECT_LTO_WRAPPER=/usr/lib/gcc/x86_64-linux-gnu/9/lto-wrapper
OFFLOAD_TARGET_NAMES=nvptx-none:hsa
OFFLOAD_TARGET_DEFAULT=1
Target: x86_64-linux-gnu
Configured with: ../src/configure -v --with-pkgversion='Ubuntu 9.4.0-1ubuntu1~20.04.2' --with-bugurl=file:///usr/share/doc/gcc-9/README.Bugs --enable-languages=c,ada,c++,go,brig,d,fortran,objc,obj-c++,gm2 --prefix=/usr --with-gcc-major-version-only --program-suffix=-9 --program-prefix=x86_64-linux-gnu- --enable-shared --enable-linker-build-id --libexecdir=/usr/lib --without-included-gettext --enable-threads=posix --libdir=/usr/lib --enable-nls --enable-clocale=gnu --enable-libstdcxx-debug --enable-libstdcxx-time=yes --with-default-libstdcxx-abi=new --enable-gnu-unique-object --disable-vtable-verify --enable-plugin --enable-default-pie --with-system-zlib --with-target-system-zlib=auto --enable-objc-gc=auto --enable-multiarch --disable-werror --with-arch-32=i686 --with-abi=m64 --with-multilib-list=m32,m64,mx32 --enable-multilib --with-tune=generic --enable-offload-targets=nvptx-none=/build/gcc-9-9QDOt0/gcc-9-9.4.0/debian/tmp-nvptx/usr,hsa --without-cuda-driver --enable-checking=release --build=x86_64-linux-gnu --host=x86_64-linux-gnu --target=x86_64-linux-gnu
Thread model: posix
gcc version 9.4.0 (Ubuntu 9.4.0-1ubuntu1~20.04.2) 
configure:3739: $? = 0
configure:3728: gcc -V >&5
gcc: error: unrecognized command line option '-V'
gcc: fatal error: no input files
compilation terminated.
configure:3739: $? = 1
configure:3728: gcc -qversion >&5
gcc: error: unrecognized command line option '-qversion'; did you mean '--version'?
gcc: fatal error: no input files
compilation terminated.
configure:3739: $? = 1
configure:3728: gcc -version >&5
gcc: error: unrecognized command line option '-version'
gcc: fatal error: no input files
compilation terminated.
configure:3739: $? = 1
configure:3759: checking whether the C compiler works
configure:3781: gcc    conftest.c  >&5
configure:3785: $? = 0
configure:3835: result: yes
configure:3838: checking for C compiler default output file name
configure:3840: result: a.out
configure:3846: checking for suffix of executables
configure:3853: gcc -o conftest    conftest.c  >&5
configure:3857: $? = 0
configure:3880: result: 
configure:3902: checking whether we are cross compiling
configure:3910: gcc -o conftest    conftest.c  >&5
configure:3914: $? = 0
configure:3921: ./conftest
configure:3925: $? = 0
configure:3913: result: no
configure:3918: checking for suffix of object files
configure:3941: gcc -c   conftest.c >&5
configure:3945: $? = 0
configure:3967: result: o
configure:3971: checking whether the compiler supports GNU C
configure:3991: gcc -c   conftest.c >&5
configure:3991: $? = 0
configure:4001: result: yes
configure:4012: checking whether gcc accepts -g
configure:4033: gcc -c -g  conftest.c >&5
configure:4033: $? = 0
configure:4077: result: yes
configure:4097: checking for gcc option to enable C11 features
configure:4112: gcc  -c -g -O2  conftest.c >&5
configure:4112: $? = 0
configure:4130: result: none needed
configure:4246: checking whether gcc understands -c and -o together
configure:4269: gcc -c conftest.c -o conftest2.o
configure:4272: $? = 0
configure:4269: gcc -c conftest.c -o conftest2.o
configure:4272: $? = 0
configure:4284: result: yes
configure:4303: checking dependency style of gcc
configure:4415: result: gcc3
configure:4439: checking for special C compiler options needed for large files
configure:4487: result: no
configure:4493: checking for _FILE_OFFSET_BITS value needed for large files
configure:4519: gcc -c -g -O2  conftest.c >&5
configure:4519: $? = 0
configure:4553: result: no
configure:4690: checking for gcc
configure:4722: result: gcc
configure:5075: checking for C compiler version
configure:5084: gcc --version >&5
gcc (Ubuntu 9.4.0-1ubuntu1~20.04.2) 9.4.0
Copyright (C) 2019 Free Software Foundation, Inc.
This is free software; see the source for copying conditions.  There is NO
warranty; not even for MERCHANTABILITY or FITNESS FOR A PARTICULAR PURPOSE.

configure:5095: $? = 0
configure:5084: gcc -v >&5
Using built-in specs.
COLLECT_GCC=gcc
COLLECT_LTO_WRAPPER=/usr/lib/gcc/x86_64-linux-gnu/9/lto-wrapper
OFFLOAD_TARGET_NAMES=nvptx-none:hsa
OFFLOAD_TARGET_DEFAULT=1
Target: x86_64-linux-gnu
Configured with: ../src/configure -v --with-pkgversion='Ubuntu 9.4.0-1ubuntu1~20.04.2' --with-bugurl=file:///usr/share/doc/gcc-9/README.Bugs --enable-languages=c,ada,c++,go,brig,d,fortran,objc,obj-c++,gm2 --prefix=/usr --with-gcc-major-version-only --program-suffix=-9 --program-prefix=x86_64-linux-gnu- --enable-shared --enable-linker-build-id --libexecdir=/usr/lib --without-included-gettext --enable-threads=posix --libdir=/usr/lib --enable-nls --enable-clocale=gnu --enable-libstdcxx-debug --enable-libstdcxx-time=yes --with-default-libstdcxx-abi=new --enable-gnu-unique-object --disable-vtable-verify --enable-plugin --enable-default-pie --with-system-zlib --with-target-system-zlib=auto --enable-objc-gc=auto --enable-multiarch --disable-werror --with-arch-32=i686 --with-abi=m64 --with-multilib-list=m32,m64,mx32 --enable-multilib --with-tune=generic --enable-offload-targets=nvptx-none=/build/gcc-9-9QDOt0/gcc-9-9.4.0/debian/tmp-nvptx/usr,hsa --without-cuda-driver --enable-checking=release --build=x86_64-linux-gnu --host=x86_64-linux-gnu --target=x86_64-linux-gnu
Thread model: posix
gcc version 9.4.0 (Ubuntu 9.4.0-1ubuntu1~20.04.2) 
configure:5095: $? = 0
configure:5084: gcc -V >&5
gcc: error: unrecognized command line option '-V'
gcc: fatal error: no input files
compilation terminated.
configure:5095: $? = 1
configure:5084: gcc -qversion >&5
gcc: error: unrecognized command line option '-qversion'; did you mean '--version'?
gcc: fatal error: no input files
compilation terminated.
configure:5095: $? = 1
configure:5084: gcc -version >&5
gcc: error: unrecognized command line option '-version'
gcc: fatal error: no input files
compilation terminated.
configure:5095: $? = 1
configure:5099: checking whether the compiler supports GNU C
configure:5129: result: yes
configure:5140: checking whether gcc accepts -g
configure:5205: result: yes
configure:5225: checking for gcc option to enable C11 features
configure:5258: result: none needed
configure:5374: checking whether gcc understands -c and -o together
configure:5412: result: yes
configure:5431: checking dependency style of gcc
configure:5543: result: gcc3
configure:5590: checking build system type
configure:5605: result: x86_64-pc-linux-gnu
configure:5625: checking host system type
configure:5639: result: x86_64-pc-linux-gnu
configure:5680: checking how to print strings
configure:5707: result: printf
configure:5728: checking for a sed that does not truncate output
configure:5798: result: /bin/sed
configure:5816: checking for grep that handles long lines and -e
configure:5880: result: /bin/grep
configure:5885: checking for egrep
configure:5953: result: /bin/grep -E
configure:5958: checking for fgrep
configure:6026: result: /bin/grep -F
configure:6062: checking for ld used by gcc
configure:6130: result: /usr/bin/ld
configure:6137: checking if the linker (/usr/bin/ld) is GNU ld
configure:6153: result: yes
configure:6165: checking for BSD- or MS-compatible name lister (nm)
configure:6220: result: /usr/bin/nm -B
configure:6360: checking the name lister (/usr/bin/nm -B) interface
configure:6368: gcc -c -g -O2  conftest.c >&5
configure:6371: /usr/bin/nm -B "conftest.o"
configure:6374: output
0000000000000000 B some_variable
configure:6375: result: BSD nm
configure:6378: checking whether ln -s works
configure:6382: result: yes
configure:6390: checking the maximum length of command line arguments
configure:6522: result: 1572864
configure:6570: checking how to convert x86_64-pc-linux-gnu file names to x86_64-pc-linux-gnu format
configure:6611: result: func_convert_file_noop
configure:6618: checking how to convert x86_64-pc-linux-gnu file names to toolchain format
configure:6639: result: func_convert_file_noop
configure:6646: checking for /usr/bin/ld option to reload object files
configure:6654: result: -r
configure:6733: checking for file
configure:6754: found /usr/bin/file
configure:6765: result: file
configure:6841: checking for objdump
configure:6862: found /usr/bin/objdump
configure:6873: result: objdump
configure:6905: checking how to recognize dependent libraries
configure:7106: result: pass_all
configure:7196: checking for dlltool
configure:7231: result: no
configure:7261: checking how to associate runtime and link libraries
configure:7289: result: printf %s\n
configure:7354: checking for ar
configure:7375: found /usr/bin/ar
configure:7386: result: ar
configure:7439: checking for archiver @FILE support
configure:7457: gcc -c -g -O2  conftest.c >&5
configure:7457: $? = 0
configure:7461: ar cr libconftest.a @conftest.lst >&5
configure:7464: $? = 0
configure:7469: ar cr libconftest.a @conftest.lst >&5
ar: conftest.o: No such file or directory
configure:7472: $? = 1
configure:7471: result: @
configure:7534: checking for strip
configure:7555: found /usr/bin/strip
configure:7566: result: strip
configure:7643: checking for ranlib
configure:7664: found /usr/bin/ranlib
configure:7675: result: ranlib
configure:7777: checking command to parse /usr/bin/nm -B output from gcc object
configure:7931: gcc -c -g -O2  conftest.c >&5
configure:7934: $? = 0
configure:7938: /usr/bin/nm -B conftest.o | /bin/sed -n -e 's/^.*[	 ]\([ABCDGIRSTW][ABCDGIRSTW]*\)[	 ][	 ]*\([_A-Za-z][_A-Za-z0-9]*\)$/\1 \2 \2/p' | /bin/sed '/ __gnu_lto/d' > conftest.nm
configure:8004: gcc -o conftest -g -O2   conftest.c conftstm.o >&5
configure:8007: $? = 0
configure:8045: result: ok
configure:8092: checking for sysroot
configure:8123: result: no
configure:8130: checking for a working dd
configure:8174: result: /bin/dd
configure:8178: checking how to truncate binary pipes
configure:8194: result: /bin/dd bs=4096 count=1
configure:8331: gcc -c -g -O2  conftest.c >&5
configure:8334: $? = 0
configure:8531: checking for mt
configure:8552: found /bin/mt
configure:8563: result: mt
configure:8586: checking if mt is a manifest tool
configure:8593: mt '-?'
configure:8601: result: no
configure:9326: checking for stdio.h
configure:9326: gcc -c -g -O2  conftest.c >&5
configure:9326: $? = 0
configure:9326: result: yes
configure:9326: checking for stdlib.h
configure:9326: gcc -c -g -O2  conftest.c >&5
configure:9326: $? = 0
configure:9326: result: yes
configure:9326: checking for string.h
configure:9326: gcc -c -g -O2  conftest.c >&5
configure:9326: $? = 0
configure:9326: result: yes
configure:9326: checking for inttypes.h
configure:9326: gcc -c -g -O2  conftest.c >&5
configure:9326: $? = 0
configure:9326: result: yes
configure:9326: checking for stdint.h
configure:9326: gcc -c -g -O2  conftest.c >&5
configure:9326: $? = 0
configure:9326: result: yes
configure:9326: checking for strings.h
configure:9326: gcc -c -g -O2  conftest.c >&5
configure:9326: $? = 0
configure:9326: result: yes
configure:9326: checking for sys/stat.h
configure:9326: gcc -c -g -O2  conftest.c >&5
configure:9326: $? = 0
configure:9326: result: yes
configure:9326: checking for sys/types.h
configure:9326: gcc -c -g -O2  conftest.c >&5
configure:9326: $? = 0
configure:9326: result: yes
configure:9326: checking for unistd.h
configure:9326: gcc -c -g -O2  conftest.c >&5
configure:9326: $? = 0
configure:9326: result: yes
configure:9351: checking for dlfcn.h
configure:9351: gcc -c -g -O2  conftest.c >&5
configure:9351: $? = 0
configure:9351: result: yes
configure:9610: checking for objdir
configure:9626: result: .libs
configure:9886: checking if gcc supports -fno-rtti -fno-exceptions
configure:9905: gcc -c -g -O2  -fno-rtti -fno-exceptions conftest.c >&5
cc1: warning: command line option '-fno-rtti' is valid for C++/D/ObjC++ but not for C
configure:9909: $? = 0
configure:9922: result: no
configure:10286: checking for gcc option to produce PIC
configure:10294: result: -fPIC -DPIC
configure:10302: checking if gcc PIC flag -fPIC -DPIC works
configure:10321: gcc -c -g -O2  -fPIC -DPIC -DPIC conftest.c >&5
configure:10325: $? = 0
configure:10338: result: yes
configure:10367: checking if gcc static flag -static works
configure:10396: result: yes
configure:10411: checking if gcc supports -c -o file.o
configure:10433: gcc -c -g -O2  -o out/conftest2.o conftest.c >&5
configure:10437: $? = 0
configure:10459: result: yes
configure:10467: checking if gcc supports -c -o file.o
configure:10515: result: yes
configure:10548: checking whether the gcc linker (/usr/bin/ld -m elf_x86_64) supports shared libraries
configure:11822: result: yes
configure:11859: checking whether -lc should be explicitly linked in
configure:11868: gcc -c -g -O2  conftest.c >&5
configure:11871: $? = 0
configure:11886: gcc -shared  -fPIC -DPIC conftest.o  -v -Wl,-soname -Wl,conftest -o conftest 2\>\&1 \| /bin/grep  -lc  \>/dev/null 2\>\&1
configure:11889: $? = 0
configure:11903: result: no
configure:12063: checking dynamic linker characteristics
configure:12645: gcc -o conftest -g -O2   -Wl,-rpath -Wl,/foo conftest.c  >&5
configure:12645: $? = 0
configure:12896: result: GNU/Linux ld.so
configure:13018: checking how to hardcode library paths into programs
configure:13043: result: immediate
configure:13595: checking whether stripping libraries is possible
configure:13604: result: yes
configure:13646: checking if libtool supports shared libraries
configure:13648: result: yes
configure:13651: checking whether to build shared libraries
configure:13676: result: yes
configure:13679: checking whether to build static libraries
configure:13683: result: yes
configure:10468: checking for fdatasync
configure:10468: gcc -o conftest -g -O2   conftest.c  >&5
configure:10468: $? = 0
configure:10468: result: yes
configure:10474: checking for usleep
configure:10474: gcc -o conftest -g -O2   conftest.c  >&5
configure:10474: $? = 0
configure:10474: result: yes
configure:10480: checking for fullfsync
configure:10480: gcc -o conftest -g -O2   conftest.c  >&5
/usr/bin/ld: /tmp/ccuRkv7y.o: in function `main':
/home/cytech/rust/projet/database_test/sqlite-autoconf-3480000/conftest.c:52: undefined reference to `fullfsync'
collect2: error: ld returned 1 exit status
configure:10480: $? = 1
configure: failed program was:
| /* confdefs.h */
| #define PACKAGE_NAME "sqlite"
| #define PACKAGE_TARNAME "sqlite"
| #define PACKAGE_VERSION "3.48.0"
| #define PACKAGE_STRING "sqlite 3.48.0"
| #define PACKAGE_BUGREPORT "http://www.sqlite.org"
| #define PACKAGE_URL ""
| #define PACKAGE "sqlite"
| #define VERSION "3.48.0"
| #define HAVE_STDIO_H 1
| #define HAVE_STDLIB_H 1
| #define HAVE_STRING_H 1
| #define HAVE_INTTYPES_H 1
| #define HAVE_STDINT_H 1
| #define HAVE_STRINGS_H 1
| #define HAVE_SYS_STAT_H 1
| #define HAVE_SYS_TYPES_H 1
| #define HAVE_UNISTD_H 1
| #define STDC_HEADERS 1
| #define HAVE_DLFCN_H 1
| #define LT_OBJDIR ".libs/"
| #define HAVE_FDATASYNC 1
| #define HAVE_USLEEP 1
| /* end confdefs.h.  */
| /* Define fullfsync to an innocuous variant, in case <limits.h> declares fullfsync.
|    For example, HP-UX 11i <limits.h> declares gettimeofday.  */
| #define fullfsync innocuous_fullfsync
| 
| /* System header to define __stub macros and hopefully few prototypes,
|    which can conflict with char fullfsync (); below.  */
| 
| #include <limits.h>
| #undef fullfsync
| 
| /* Override any GCC internal prototype to avoid an error.
|    Use char because int might match the return type of a GCC
|    builtin and then its argument prototype would still apply.  */
| #ifdef __cplusplus
| extern "C"
| #endif
| char fullfsync ();
| /* The GNU C library defines this for functions which it implements
|     to always fail with ENOSYS.  Some functions are actually named
|     something starting with __ and the normal name is an alias.  */
| #if defined __stub_fullfsync || defined __stub___fullfsync
| choke me
| #endif
| 
| int
| main (void)
| {
| return fullfsync ();
|   ;
|   return 0;
| }
configure:10480: result: no
configure:10486: checking for localtime_r
configure:10486: gcc -o conftest -g -O2   conftest.c  >&5
configure:10486: $? = 0
configure:10486: result: yes
configure:10492: checking for gmtime_r
configure:10492: gcc -o conftest -g -O2   conftest.c  >&5
configure:10492: $? = 0
configure:10492: result: yes
configure:10499: checking for gcc options needed to detect all undeclared functions
configure:10521: gcc -c -g -O2   conftest.c >&5
conftest.c: In function 'main':
conftest.c:31:8: error: 'strchr' undeclared (first use in this function)
   31 | (void) strchr;
      |        ^~~~~~
conftest.c:1:1: note: 'strchr' is defined in header '<string.h>'; did you forget to '#include <string.h>'?
    1 | /* confdefs.h */
conftest.c:31:8: note: each undeclared identifier is reported only once for each function it appears in
   31 | (void) strchr;
      |        ^~~~~~
configure:10521: $? = 1
configure: failed program was:
| /* confdefs.h */
| #define PACKAGE_NAME "sqlite"
| #define PACKAGE_TARNAME "sqlite"
| #define PACKAGE_VERSION "3.48.0"
| #define PACKAGE_STRING "sqlite 3.48.0"
| #define PACKAGE_BUGREPORT "http://www.sqlite.org"
| #define PACKAGE_URL ""
| #define PACKAGE "sqlite"
| #define VERSION "3.48.0"
| #define HAVE_STDIO_H 1
| #define HAVE_STDLIB_H 1
| #define HAVE_STRING_H 1
| #define HAVE_INTTYPES_H 1
| #define HAVE_STDINT_H 1
| #define HAVE_STRINGS_H 1
| #define HAVE_SYS_STAT_H 1
| #define HAVE_SYS_TYPES_H 1
| #define HAVE_UNISTD_H 1
| #define STDC_HEADERS 1
| #define HAVE_DLFCN_H 1
| #define LT_OBJDIR ".libs/"
| #define HAVE_FDATASYNC 1
| #define HAVE_USLEEP 1
| #define HAVE_LOCALTIME_R 1
| #define HAVE_GMTIME_R 1
| /* end confdefs.h.  */
| 
| int
| main (void)
| {
| (void) strchr;
|   ;
|   return 0;
| }
configure:10548: gcc -c -g -O2   conftest.c >&5
configure:10548: $? = 0
configure:10565: result: none needed
configure:10579: checking whether strerror_r is declared
configure:10579: gcc -c -g -O2   conftest.c >&5
configure:10579: $? = 0
configure:10579: result: yes
configure:10598: checking whether strerror_r returns char *
configure:10623: gcc -c -g -O2  conftest.c >&5
conftest.c: In function 'main':
conftest.c:35:13: error: invalid type argument of unary '*' (have 'int')
   35 |    char x = *strerror_r (0, buf, sizeof buf);
      |             ^~~~~~~~~~~~~~~~~~~~~~~~~~~~~~~~
conftest.c:36:14: warning: initialization of 'char *' from 'int' makes pointer from integer without a cast [-Wint-conversion]
   36 |    char *p = strerror_r (0, buf, sizeof buf);
      |              ^~~~~~~~~~
configure:10623: $? = 1
configure: failed program was:
| /* confdefs.h */
| #define PACKAGE_NAME "sqlite"
| #define PACKAGE_TARNAME "sqlite"
| #define PACKAGE_VERSION "3.48.0"
| #define PACKAGE_STRING "sqlite 3.48.0"
| #define PACKAGE_BUGREPORT "http://www.sqlite.org"
| #define PACKAGE_URL ""
| #define PACKAGE "sqlite"
| #define VERSION "3.48.0"
| #define HAVE_STDIO_H 1
| #define HAVE_STDLIB_H 1
| #define HAVE_STRING_H 1
| #define HAVE_INTTYPES_H 1
| #define HAVE_STDINT_H 1
| #define HAVE_STRINGS_H 1
| #define HAVE_SYS_STAT_H 1
| #define HAVE_SYS_TYPES_H 1
| #define HAVE_UNISTD_H 1
| #define STDC_HEADERS 1
| #define HAVE_DLFCN_H 1
| #define LT_OBJDIR ".libs/"
| #define HAVE_FDATASYNC 1
| #define HAVE_USLEEP 1
| #define HAVE_LOCALTIME_R 1
| #define HAVE_GMTIME_R 1
| #define HAVE_DECL_STRERROR_R 1
| #define HAVE_STRERROR_R 1
| /* end confdefs.h.  */
| #include <string.h>
| int
| main (void)
| {
| 
| 	  char buf[100];
| 	  char x = *strerror_r (0, buf, sizeof buf);
| 	  char *p = strerror_r (0, buf, sizeof buf);
| 	  return !p || x;
| 
|   ;
|   return 0;
| }
configure:10632: result: no
configure:10680: checking for editline/readline.h
configure:10680: gcc -c -g -O2  conftest.c >&5
configure:10680: $? = 0
configure:10680: result: yes
configure:10687: checking for library containing readline
configure:10717: gcc -o conftest -g -O2   conftest.c  >&5
/usr/bin/ld: /tmp/ccez7A4G.o: in function `main':
/home/cytech/rust/projet/database_test/sqlite-autoconf-3480000/conftest.c:38: undefined reference to `readline'
collect2: error: ld returned 1 exit status
configure:10717: $? = 1
configure: failed program was:
| /* confdefs.h */
| #define PACKAGE_NAME "sqlite"
| #define PACKAGE_TARNAME "sqlite"
| #define PACKAGE_VERSION "3.48.0"
| #define PACKAGE_STRING "sqlite 3.48.0"
| #define PACKAGE_BUGREPORT "http://www.sqlite.org"
| #define PACKAGE_URL ""
| #define PACKAGE "sqlite"
| #define VERSION "3.48.0"
| #define HAVE_STDIO_H 1
| #define HAVE_STDLIB_H 1
| #define HAVE_STRING_H 1
| #define HAVE_INTTYPES_H 1
| #define HAVE_STDINT_H 1
| #define HAVE_STRINGS_H 1
| #define HAVE_SYS_STAT_H 1
| #define HAVE_SYS_TYPES_H 1
| #define HAVE_UNISTD_H 1
| #define STDC_HEADERS 1
| #define HAVE_DLFCN_H 1
| #define LT_OBJDIR ".libs/"
| #define HAVE_FDATASYNC 1
| #define HAVE_USLEEP 1
| #define HAVE_LOCALTIME_R 1
| #define HAVE_GMTIME_R 1
| #define HAVE_DECL_STRERROR_R 1
| #define HAVE_STRERROR_R 1
| #define HAVE_EDITLINE_READLINE_H 1
| /* end confdefs.h.  */
| 
| /* Override any GCC internal prototype to avoid an error.
|    Use char because int might match the return type of a GCC
|    builtin and then its argument prototype would still apply.  */
| char readline ();
| int
| main (void)
| {
| return readline ();
|   ;
|   return 0;
| }
configure:10717: gcc -o conftest -g -O2   conftest.c -ledit -ltinfo  >&5
configure:10717: $? = 0
configure:10737: result: -ledit
configure:10922: checking for library containing pthread_create
configure:10952: gcc -o conftest -g -O2   conftest.c  >&5
/usr/bin/ld: /tmp/cc7bdiEw.o: in function `main':
/home/cytech/rust/projet/database_test/sqlite-autoconf-3480000/conftest.c:39: undefined reference to `pthread_create'
collect2: error: ld returned 1 exit status
configure:10952: $? = 1
configure: failed program was:
| /* confdefs.h */
| #define PACKAGE_NAME "sqlite"
| #define PACKAGE_TARNAME "sqlite"
| #define PACKAGE_VERSION "3.48.0"
| #define PACKAGE_STRING "sqlite 3.48.0"
| #define PACKAGE_BUGREPORT "http://www.sqlite.org"
| #define PACKAGE_URL ""
| #define PACKAGE "sqlite"
| #define VERSION "3.48.0"
| #define HAVE_STDIO_H 1
| #define HAVE_STDLIB_H 1
| #define HAVE_STRING_H 1
| #define HAVE_INTTYPES_H 1
| #define HAVE_STDINT_H 1
| #define HAVE_STRINGS_H 1
| #define HAVE_SYS_STAT_H 1
| #define HAVE_SYS_TYPES_H 1
| #define HAVE_UNISTD_H 1
| #define STDC_HEADERS 1
| #define HAVE_DLFCN_H 1
| #define LT_OBJDIR ".libs/"
| #define HAVE_FDATASYNC 1
| #define HAVE_USLEEP 1
| #define HAVE_LOCALTIME_R 1
| #define HAVE_GMTIME_R 1
| #define HAVE_DECL_STRERROR_R 1
| #define HAVE_STRERROR_R 1
| #define HAVE_EDITLINE_READLINE_H 1
| #define HAVE_EDITLINE 1
| /* end confdefs.h.  */
| 
| /* Override any GCC internal prototype to avoid an error.
|    Use char because int might match the return type of a GCC
|    builtin and then its argument prototype would still apply.  */
| char pthread_create ();
| int
| main (void)
| {
| return pthread_create ();
|   ;
|   return 0;
| }
configure:10952: gcc -o conftest -g -O2   conftest.c -lpthread   >&5
configure:10952: $? = 0
configure:10972: result: -lpthread
configure:10981: checking for library containing pthread_mutexattr_init
configure:11011: gcc -o conftest -g -O2   conftest.c -lpthread  >&5
configure:11011: $? = 0
configure:11031: result: none required
configure:11055: checking for library containing dlopen
configure:11085: gcc -o conftest -g -O2   conftest.c -lpthread  >&5
/usr/bin/ld: /tmp/ccfowuW9.o: in function `main':
/home/cytech/rust/projet/database_test/sqlite-autoconf-3480000/conftest.c:39: undefined reference to `dlopen'
collect2: error: ld returned 1 exit status
configure:11085: $? = 1
configure: failed program was:
| /* confdefs.h */
| #define PACKAGE_NAME "sqlite"
| #define PACKAGE_TARNAME "sqlite"
| #define PACKAGE_VERSION "3.48.0"
| #define PACKAGE_STRING "sqlite 3.48.0"
| #define PACKAGE_BUGREPORT "http://www.sqlite.org"
| #define PACKAGE_URL ""
| #define PACKAGE "sqlite"
| #define VERSION "3.48.0"
| #define HAVE_STDIO_H 1
| #define HAVE_STDLIB_H 1
| #define HAVE_STRING_H 1
| #define HAVE_INTTYPES_H 1
| #define HAVE_STDINT_H 1
| #define HAVE_STRINGS_H 1
| #define HAVE_SYS_STAT_H 1
| #define HAVE_SYS_TYPES_H 1
| #define HAVE_UNISTD_H 1
| #define STDC_HEADERS 1
| #define HAVE_DLFCN_H 1
| #define LT_OBJDIR ".libs/"
| #define HAVE_FDATASYNC 1
| #define HAVE_USLEEP 1
| #define HAVE_LOCALTIME_R 1
| #define HAVE_GMTIME_R 1
| #define HAVE_DECL_STRERROR_R 1
| #define HAVE_STRERROR_R 1
| #define HAVE_EDITLINE_READLINE_H 1
| #define HAVE_EDITLINE 1
| /* end confdefs.h.  */
| 
| /* Override any GCC internal prototype to avoid an error.
|    Use char because int might match the return type of a GCC
|    builtin and then its argument prototype would still apply.  */
| char dlopen ();
| int
| main (void)
| {
| return dlopen ();
|   ;
|   return 0;
| }
configure:11085: gcc -o conftest -g -O2   conftest.c -ldl  -lpthread  >&5
configure:11085: $? = 0
configure:11105: result: -ldl
configure:11117: checking for whether to support dynamic extensions
configure:11119: result: yes
configure:11134: checking SQL math functions
configure:11138: result: enabled
configure:11140: checking for library containing ceil
configure:11170: gcc -o conftest -g -O2   conftest.c -ldl -lpthread  >&5
conftest.c:35:6: warning: conflicting types for built-in function 'ceil'; expected 'double(double)' [-Wbuiltin-declaration-mismatch]
   35 | char ceil ();
      |      ^~~~
conftest.c:1:1: note: 'ceil' is declared in header '<math.h>'
    1 | /* confdefs.h */
/usr/bin/ld: /tmp/cc3Ngap0.o: in function `main':
/home/cytech/rust/projet/database_test/sqlite-autoconf-3480000/conftest.c:39: undefined reference to `ceil'
collect2: error: ld returned 1 exit status
configure:11170: $? = 1
configure: failed program was:
| /* confdefs.h */
| #define PACKAGE_NAME "sqlite"
| #define PACKAGE_TARNAME "sqlite"
| #define PACKAGE_VERSION "3.48.0"
| #define PACKAGE_STRING "sqlite 3.48.0"
| #define PACKAGE_BUGREPORT "http://www.sqlite.org"
| #define PACKAGE_URL ""
| #define PACKAGE "sqlite"
| #define VERSION "3.48.0"
| #define HAVE_STDIO_H 1
| #define HAVE_STDLIB_H 1
| #define HAVE_STRING_H 1
| #define HAVE_INTTYPES_H 1
| #define HAVE_STDINT_H 1
| #define HAVE_STRINGS_H 1
| #define HAVE_SYS_STAT_H 1
| #define HAVE_SYS_TYPES_H 1
| #define HAVE_UNISTD_H 1
| #define STDC_HEADERS 1
| #define HAVE_DLFCN_H 1
| #define LT_OBJDIR ".libs/"
| #define HAVE_FDATASYNC 1
| #define HAVE_USLEEP 1
| #define HAVE_LOCALTIME_R 1
| #define HAVE_GMTIME_R 1
| #define HAVE_DECL_STRERROR_R 1
| #define HAVE_STRERROR_R 1
| #define HAVE_EDITLINE_READLINE_H 1
| #define HAVE_EDITLINE 1
| /* end confdefs.h.  */
| 
| /* Override any GCC internal prototype to avoid an error.
|    Use char because int might match the return type of a GCC
|    builtin and then its argument prototype would still apply.  */
| char ceil ();
| int
| main (void)
| {
| return ceil ();
|   ;
|   return 0;
| }
configure:11170: gcc -o conftest -g -O2   conftest.c -lm  -ldl -lpthread  >&5
conftest.c:35:6: warning: conflicting types for built-in function 'ceil'; expected 'double(double)' [-Wbuiltin-declaration-mismatch]
   35 | char ceil ();
      |      ^~~~
conftest.c:1:1: note: 'ceil' is declared in header '<math.h>'
    1 | /* confdefs.h */
configure:11170: $? = 0
configure:11190: result: -lm
configure:11216: checking FTS4 extension
configure:11220: result: enabled
configure:11237: checking FTS3 extension
configure:11244: result: disabled
configure:11260: checking FTS5 extension
configure:11263: result: enabled
configure:11265: checking for library containing log
configure:11295: gcc -o conftest -g -O2   conftest.c -lm -ldl -lpthread  >&5
conftest.c:35:6: warning: conflicting types for built-in function 'log'; expected 'double(double)' [-Wbuiltin-declaration-mismatch]
   35 | char log ();
      |      ^~~
conftest.c:1:1: note: 'log' is declared in header '<math.h>'
    1 | /* confdefs.h */
configure:11295: $? = 0
configure:11315: result: none required
configure:11342: checking RTREE extension
configure:11346: result: enabled
configure:11363: checking Session extension
configure:11370: result: disabled
configure:11384: checking Build type
configure:11392: result: release
configure:11416: checking for posix_fallocate
configure:11416: gcc -o conftest -g -O2   conftest.c -lm -ldl -lpthread  >&5
configure:11416: $? = 0
configure:11416: result: yes
configure:11425: checking for zlib.h
configure:11425: gcc -c -g -O2  conftest.c >&5
configure:11425: $? = 0
configure:11425: result: yes
configure:11430: checking for library containing deflate
configure:11460: gcc -o conftest -g -O2   conftest.c -lm -ldl -lpthread  >&5
/usr/bin/ld: /tmp/cchMABOn.o: in function `main':
/home/cytech/rust/projet/database_test/sqlite-autoconf-3480000/conftest.c:41: undefined reference to `deflate'
collect2: error: ld returned 1 exit status
configure:11460: $? = 1
configure: failed program was:
| /* confdefs.h */
| #define PACKAGE_NAME "sqlite"
| #define PACKAGE_TARNAME "sqlite"
| #define PACKAGE_VERSION "3.48.0"
| #define PACKAGE_STRING "sqlite 3.48.0"
| #define PACKAGE_BUGREPORT "http://www.sqlite.org"
| #define PACKAGE_URL ""
| #define PACKAGE "sqlite"
| #define VERSION "3.48.0"
| #define HAVE_STDIO_H 1
| #define HAVE_STDLIB_H 1
| #define HAVE_STRING_H 1
| #define HAVE_INTTYPES_H 1
| #define HAVE_STDINT_H 1
| #define HAVE_STRINGS_H 1
| #define HAVE_SYS_STAT_H 1
| #define HAVE_SYS_TYPES_H 1
| #define HAVE_UNISTD_H 1
| #define STDC_HEADERS 1
| #define HAVE_DLFCN_H 1
| #define LT_OBJDIR ".libs/"
| #define HAVE_FDATASYNC 1
| #define HAVE_USLEEP 1
| #define HAVE_LOCALTIME_R 1
| #define HAVE_GMTIME_R 1
| #define HAVE_DECL_STRERROR_R 1
| #define HAVE_STRERROR_R 1
| #define HAVE_EDITLINE_READLINE_H 1
| #define HAVE_EDITLINE 1
| #define HAVE_POSIX_FALLOCATE 1
| #define HAVE_ZLIB_H 1
| /* end confdefs.h.  */
| 
| /* Override any GCC internal prototype to avoid an error.
|    Use char because int might match the return type of a GCC
|    builtin and then its argument prototype would still apply.  */
| char deflate ();
| int
| main (void)
| {
| return deflate ();
|   ;
|   return 0;
| }
configure:11460: gcc -o conftest -g -O2   conftest.c -lz  -lm -ldl -lpthread  >&5
configure:11460: $? = 0
configure:11480: result: -lz
configure:11494: checking for library containing system
configure:11524: gcc -o conftest -g -O2   conftest.c -lz -lm -ldl -lpthread  >&5
configure:11524: $? = 0
configure:11544: result: none required
configure:11719: checking that generated files are newer than configure
configure:11725: result: done
configure:11752: creating ./config.status

## ---------------------- ##
## Running config.status. ##
## ---------------------- ##

This file was extended by sqlite config.status 3.48.0, which was
generated by GNU Autoconf 2.71.  Invocation command line was

  CONFIG_FILES    = 
  CONFIG_HEADERS  = 
  CONFIG_LINKS    = 
  CONFIG_COMMANDS = 
  $ ./config.status 

on student-laptop

config.status:1008: creating Makefile
config.status:1008: creating sqlite3.pc
config.status:1180: executing depfiles commands
config.status:1257: cd .       && sed -e '/# am--include-marker/d' Makefile         | make -f - am--depfiles
make: Nothing to be done for 'am--depfiles'.
config.status:1262: $? = 0
config.status:1180: executing libtool commands

## ---------------- ##
## Cache variables. ##
## ---------------- ##

ac_cv_build=x86_64-pc-linux-gnu
ac_cv_c_compiler_gnu=yes
ac_cv_c_undeclared_builtin_options='none needed'
ac_cv_env_CC_set=
ac_cv_env_CC_value=
ac_cv_env_CFLAGS_set=
ac_cv_env_CFLAGS_value=
ac_cv_env_CPPFLAGS_set=
ac_cv_env_CPPFLAGS_value=
ac_cv_env_LDFLAGS_set=
ac_cv_env_LDFLAGS_value=
ac_cv_env_LIBS_set=
ac_cv_env_LIBS_value=
ac_cv_env_LT_SYS_LIBRARY_PATH_set=
ac_cv_env_LT_SYS_LIBRARY_PATH_value=
ac_cv_env_build_alias_set=
ac_cv_env_build_alias_value=
ac_cv_env_host_alias_set=
ac_cv_env_host_alias_value=
ac_cv_env_target_alias_set=
ac_cv_env_target_alias_value=
ac_cv_func_fdatasync=yes
ac_cv_func_fullfsync=no
ac_cv_func_gmtime_r=yes
ac_cv_func_localtime_r=yes
ac_cv_func_posix_fallocate=yes
ac_cv_func_strerror_r_char_p=no
ac_cv_func_usleep=yes
ac_cv_have_decl_strerror_r=yes
ac_cv_header_dlfcn_h=yes
ac_cv_header_editline_readline_h=yes
ac_cv_header_inttypes_h=yes
ac_cv_header_stdint_h=yes
ac_cv_header_stdio_h=yes
ac_cv_header_stdlib_h=yes
ac_cv_header_string_h=yes
ac_cv_header_strings_h=yes
ac_cv_header_sys_stat_h=yes
ac_cv_header_sys_types_h=yes
ac_cv_header_unistd_h=yes
ac_cv_header_zlib_h=yes
ac_cv_host=x86_64-pc-linux-gnu
ac_cv_objext=o
ac_cv_path_EGREP='/bin/grep -E'
ac_cv_path_FGREP='/bin/grep -F'
ac_cv_path_GREP=/bin/grep
ac_cv_path_SED=/bin/sed
ac_cv_path_install='/usr/bin/install -c'
ac_cv_path_lt_DD=/bin/dd
ac_cv_path_mkdir=/bin/mkdir
ac_cv_prog_AWK=gawk
ac_cv_prog_ac_ct_AR=ar
ac_cv_prog_ac_ct_CC=gcc
ac_cv_prog_ac_ct_FILECMD=file
ac_cv_prog_ac_ct_MANIFEST_TOOL=mt
ac_cv_prog_ac_ct_OBJDUMP=objdump
ac_cv_prog_ac_ct_RANLIB=ranlib
ac_cv_prog_ac_ct_STRIP=strip
ac_cv_prog_cc_c11=
ac_cv_prog_cc_g=yes
ac_cv_prog_cc_stdc=
ac_cv_prog_make_make_set=yes
ac_cv_search_ceil=-lm
ac_cv_search_deflate=-lz
ac_cv_search_dlopen=-ldl
ac_cv_search_log='none required'
ac_cv_search_pthread_create=-lpthread
ac_cv_search_pthread_mutexattr_init='none required'
ac_cv_search_system='none required'
ac_cv_sys_file_offset_bits=no
ac_cv_sys_largefile_CC=no
am_cv_CC_dependencies_compiler_type=gcc3
am_cv_make_support_nested_variables=yes
am_cv_prog_cc_c_o=yes
lt_cv_ar_at_file=@
lt_cv_archive_cmds_need_lc=no
lt_cv_deplibs_check_method=pass_all
lt_cv_file_magic_cmd='$MAGIC_CMD'
lt_cv_file_magic_test_file=
lt_cv_ld_reload_flag=-r
lt_cv_nm_interface='BSD nm'
lt_cv_objdir=.libs
lt_cv_path_LD=/usr/bin/ld
lt_cv_path_NM='/usr/bin/nm -B'
lt_cv_path_mainfest_tool=no
lt_cv_prog_compiler_c_o=yes
lt_cv_prog_compiler_pic='-fPIC -DPIC'
lt_cv_prog_compiler_pic_works=yes
lt_cv_prog_compiler_rtti_exceptions=no
lt_cv_prog_compiler_static_works=yes
lt_cv_prog_gnu_ld=yes
lt_cv_sharedlib_from_linklib_cmd='printf %s\n'
lt_cv_shlibpath_overrides_runpath=yes
lt_cv_sys_global_symbol_pipe='/bin/sed -n -e '\''s/^.*[	 ]\([ABCDGIRSTW][ABCDGIRSTW]*\)[	 ][	 ]*\([_A-Za-z][_A-Za-z0-9]*\)$/\1 \2 \2/p'\'' | /bin/sed '\''/ __gnu_lto/d'\'''
lt_cv_sys_global_symbol_to_c_name_address='/bin/sed -n -e '\''s/^: \(.*\) .*$/  {"\1", (void *) 0},/p'\'' -e '\''s/^[ABCDGIRSTW][ABCDGIRSTW]* .* \(.*\)$/  {"\1", (void *) \&\1},/p'\'''
lt_cv_sys_global_symbol_to_c_name_address_lib_prefix='/bin/sed -n -e '\''s/^: \(.*\) .*$/  {"\1", (void *) 0},/p'\'' -e '\''s/^[ABCDGIRSTW][ABCDGIRSTW]* .* \(lib.*\)$/  {"\1", (void *) \&\1},/p'\'' -e '\''s/^[ABCDGIRSTW][ABCDGIRSTW]* .* \(.*\)$/  {"lib\1", (void *) \&\1},/p'\'''
lt_cv_sys_global_symbol_to_cdecl='/bin/sed -n -e '\''s/^T .* \(.*\)$/extern int \1();/p'\'' -e '\''s/^[ABCDGIRSTW][ABCDGIRSTW]* .* \(.*\)$/extern char \1;/p'\'''
lt_cv_sys_global_symbol_to_import=
lt_cv_sys_max_cmd_len=1572864
lt_cv_to_host_file_cmd=func_convert_file_noop
lt_cv_to_tool_file_cmd=func_convert_file_noop
lt_cv_truncate_bin='/bin/dd bs=4096 count=1'

## ----------------- ##
## Output variables. ##
## ----------------- ##

ACLOCAL='${SHELL} '\''/home/cytech/rust/projet/database_test/sqlite-autoconf-3480000/missing'\'' aclocal-1.16'
AMDEPBACKSLASH='\'
AMDEP_FALSE='#'
AMDEP_TRUE=''
AMTAR='$${TAR-tar}'
AM_BACKSLASH='\'
AM_DEFAULT_V='$(AM_DEFAULT_VERBOSITY)'
AM_DEFAULT_VERBOSITY='1'
AM_V='$(V)'
AR='ar'
AUTOCONF='${SHELL} '\''/home/cytech/rust/projet/database_test/sqlite-autoconf-3480000/missing'\'' autoconf'
AUTOHEADER='${SHELL} '\''/home/cytech/rust/projet/database_test/sqlite-autoconf-3480000/missing'\'' autoheader'
AUTOMAKE='${SHELL} '\''/home/cytech/rust/projet/database_test/sqlite-autoconf-3480000/missing'\'' automake-1.16'
AWK='gawk'
BUILD_CFLAGS=' -D_REENTRANT=1 -DSQLITE_THREADSAFE=1 -DSQLITE_ENABLE_MATH_FUNCTIONS -DSQLITE_ENABLE_FTS4 -DSQLITE_ENABLE_FTS5 -DSQLITE_ENABLE_RTREE -DSQLITE_ENABLE_GEOPOLY -DSQLITE_HAVE_ZLIB'
CC='gcc'
CCDEPMODE='depmode=gcc3'
CFLAGS='-g -O2'
CPPFLAGS=''
CSCOPE='cscope'
CTAGS='ctags'
CYGPATH_W='echo'
DEFS='-DPACKAGE_NAME=\"sqlite\" -DPACKAGE_TARNAME=\"sqlite\" -DPACKAGE_VERSION=\"3.48.0\" -DPACKAGE_STRING=\"sqlite\ 3.48.0\" -DPACKAGE_BUGREPORT=\"http://www.sqlite.org\" -DPACKAGE_URL=\"\" -DPACKAGE=\"sqlite\" -DVERSION=\"3.48.0\" -DHAVE_STDIO_H=1 -DHAVE_STDLIB_H=1 -DHAVE_STRING_H=1 -DHAVE_INTTYPES_H=1 -DHAVE_STDINT_H=1 -DHAVE_STRINGS_H=1 -DHAVE_SYS_STAT_H=1 -DHAVE_SYS_TYPES_H=1 -DHAVE_UNISTD_H=1 -DSTDC_HEADERS=1 -DHAVE_DLFCN_H=1 -DLT_OBJDIR=\".libs/\" -DHAVE_FDATASYNC=1 -DHAVE_USLEEP=1 -DHAVE_LOCALTIME_R=1 -DHAVE_GMTIME_R=1 -DHAVE_DECL_STRERROR_R=1 -DHAVE_STRERROR_R=1 -DHAVE_EDITLINE_READLINE_H=1 -DHAVE_EDITLINE=1 -DHAVE_POSIX_FALLOCATE=1 -DHAVE_ZLIB_H=1'
DEPDIR='.deps'
DLLTOOL='false'
DSYMUTIL=''
DUMPBIN=''
ECHO_C=''
ECHO_N='-n'
ECHO_T=''
EGREP='/bin/grep -E'
ETAGS='etags'
EXEEXT=''
EXTRA_SHELL_OBJ='sqlite3-sqlite3.o'
FGREP='/bin/grep -F'
FILECMD='file'
GREP='/bin/grep'
INSTALL_DATA='${INSTALL} -m 644'
INSTALL_PROGRAM='${INSTALL}'
INSTALL_SCRIPT='${INSTALL}'
INSTALL_STRIP_PROGRAM='$(install_sh) -c -s'
LD='/usr/bin/ld -m elf_x86_64'
LDFLAGS=''
LIBOBJS=''
LIBS='-lz -lm -ldl -lpthread '
LIBTOOL='$(SHELL) $(top_builddir)/libtool'
LIPO=''
LN_S='ln -s'
LTLIBOBJS=''
LT_SYS_LIBRARY_PATH=''
MAKEINFO='${SHELL} '\''/home/cytech/rust/projet/database_test/sqlite-autoconf-3480000/missing'\'' makeinfo'
MANIFEST_TOOL=':'
MKDIR_P='/bin/mkdir -p'
NM='/usr/bin/nm -B'
NMEDIT=''
OBJDUMP='objdump'
OBJEXT='o'
OTOOL64=''
OTOOL=''
PACKAGE='sqlite'
PACKAGE_BUGREPORT='http://www.sqlite.org'
PACKAGE_NAME='sqlite'
PACKAGE_STRING='sqlite 3.48.0'
PACKAGE_TARNAME='sqlite'
PACKAGE_URL=''
PACKAGE_VERSION='3.48.0'
PATH_SEPARATOR=':'
RANLIB='ranlib'
READLINE_LIBS='-ledit  -ltinfo'
SED='/bin/sed'
SET_MAKE=''
SHELL='/bin/bash'
SHELL_CFLAGS=''
STRIP='strip'
VERSION='3.48.0'
ac_ct_AR='ar'
ac_ct_CC='gcc'
ac_ct_DUMPBIN=''
am__EXEEXT_FALSE=''
am__EXEEXT_TRUE='#'
am__fastdepCC_FALSE='#'
am__fastdepCC_TRUE=''
am__include='include'
am__isrc=''
am__leading_dot='.'
am__nodep='_no'
am__quote=''
am__tar='$${TAR-tar} chof - "$$tardir"'
am__untar='$${TAR-tar} xf -'
bindir='${exec_prefix}/bin'
build='x86_64-pc-linux-gnu'
build_alias=''
build_cpu='x86_64'
build_os='linux-gnu'
build_vendor='pc'
datadir='${datarootdir}'
datarootdir='${prefix}/share'
docdir='${datarootdir}/doc/${PACKAGE_TARNAME}'
dvidir='${docdir}'
exec_prefix='${prefix}'
host='x86_64-pc-linux-gnu'
host_alias=''
host_cpu='x86_64'
host_os='linux-gnu'
host_vendor='pc'
htmldir='${docdir}'
includedir='${prefix}/include'
infodir='${datarootdir}/info'
install_sh='${SHELL} /home/cytech/rust/projet/database_test/sqlite-autoconf-3480000/install-sh'
libdir='${exec_prefix}/lib'
libexecdir='${exec_prefix}/libexec'
localedir='${datarootdir}/locale'
localstatedir='${prefix}/var'
mandir='${datarootdir}/man'
mkdir_p='$(MKDIR_P)'
oldincludedir='/usr/include'
pdfdir='${docdir}'
prefix='/usr/local'
program_transform_name='s,x,x,'
psdir='${docdir}'
runstatedir='${localstatedir}/run'
sbindir='${exec_prefix}/sbin'
sharedstatedir='${prefix}/com'
sysconfdir='${prefix}/etc'
target_alias=''

## ----------- ##
## confdefs.h. ##
## ----------- ##

/* confdefs.h */
#define PACKAGE_NAME "sqlite"
#define PACKAGE_TARNAME "sqlite"
#define PACKAGE_VERSION "3.48.0"
#define PACKAGE_STRING "sqlite 3.48.0"
#define PACKAGE_BUGREPORT "http://www.sqlite.org"
#define PACKAGE_URL ""
#define PACKAGE "sqlite"
#define VERSION "3.48.0"
#define HAVE_STDIO_H 1
#define HAVE_STDLIB_H 1
#define HAVE_STRING_H 1
#define HAVE_INTTYPES_H 1
#define HAVE_STDINT_H 1
#define HAVE_STRINGS_H 1
#define HAVE_SYS_STAT_H 1
#define HAVE_SYS_TYPES_H 1
#define HAVE_UNISTD_H 1
#define STDC_HEADERS 1
#define HAVE_DLFCN_H 1
#define LT_OBJDIR ".libs/"
#define HAVE_FDATASYNC 1
#define HAVE_USLEEP 1
#define HAVE_LOCALTIME_R 1
#define HAVE_GMTIME_R 1
#define HAVE_DECL_STRERROR_R 1
#define HAVE_STRERROR_R 1
#define HAVE_EDITLINE_READLINE_H 1
#define HAVE_EDITLINE 1
#define HAVE_POSIX_FALLOCATE 1
#define HAVE_ZLIB_H 1

configure: exit 0
